<?xml version="1.0" encoding="UTF-8"?>
<testng-results ignored="0" total="1" passed="1" failed="0" skipped="0">
  <reporter-output>
  </reporter-output>
  <suite started-at="2022-04-29T21:30:59 IST" name="Default suite" finished-at="2022-04-29T21:31:35 IST" duration-ms="36002">
    <groups>
    </groups>
    <test started-at="2022-04-29T21:30:59 IST" name="Default test" finished-at="2022-04-29T21:31:35 IST" duration-ms="36002">
      <class name="FlipKart_TestScripts.TC2_PocoMobileList">
        <test-method signature="TC2_PocoMobileList_test()[pri:0, instance:FlipKart_TestScripts.TC2_PocoMobileList@441772e]" started-at="2022-04-29T21:30:59 IST" name="TC2_PocoMobileList_test" finished-at="2022-04-29T21:31:35 IST" duration-ms="35929" status="PASS">
          <reporter-output>
          </reporter-output>
        </test-method> <!-- TC2_PocoMobileList_test -->
      </class> <!-- FlipKart_TestScripts.TC2_PocoMobileList -->
    </test> <!-- Default test -->
  </suite> <!-- Default suite -->
</testng-results>
